(base) C:\Users\Administrator>pip install tensorflow==2.1
Collecting tensorflow==2.1
  Downloading tensorflow-2.1.0-cp37-cp37m-win_amd64.whl (355.8 MB)
     |█▌                              | 17.5 MB 4.8 kB/s eta 19:33:36ERROR: Exception:
Traceback (most recent call last):
  File "D:\Dev04_AI\anaconda3\lib\site-packages\pip\_vendor\urllib3\response.py", line 425, in _error_catcher
    yield
  File "D:\Dev04_AI\anaconda3\lib\site-packages\pip\_vendor\urllib3\response.py", line 507, in read
    data = self._fp.read(amt) if not fp_closed else b""
  File "D:\Dev04_AI\anaconda3\lib\site-packages\pip\_vendor\cachecontrol\filewrapper.py", line 62, in read
    data = self.__fp.read(amt)
  File "D:\Dev04_AI\anaconda3\lib\http\client.py", line 457, in read
    n = self.readinto(b)
  File "D:\Dev04_AI\anaconda3\lib\http\client.py", line 501, in readinto
    n = self.fp.readinto(b)
  File "D:\Dev04_AI\anaconda3\lib\socket.py", line 589, in readinto
    return self._sock.recv_into(b)
  File "D:\Dev04_AI\anaconda3\lib\ssl.py", line 1071, in recv_into
    return self.read(nbytes, buffer)
  File "D:\Dev04_AI\anaconda3\lib\ssl.py", line 929, in read
    return self._sslobj.read(len, buffer)
socket.timeout: The read operation timed out

During handling of the above exception, another exception occurred:

Traceback (most recent call last):
  File "D:\Dev04_AI\anaconda3\lib\site-packages\pip\_internal\cli\base_command.py", line 186, in _main
    status = self.run(options, args)
  File "D:\Dev04_AI\anaconda3\lib\site-packages\pip\_internal\commands\install.py", line 331, in run
    resolver.resolve(requirement_set)
  File "D:\Dev04_AI\anaconda3\lib\site-packages\pip\_internal\legacy_resolve.py", line 177, in resolve
    discovered_reqs.extend(self._resolve_one(requirement_set, req))
  File "D:\Dev04_AI\anaconda3\lib\site-packages\pip\_internal\legacy_resolve.py", line 333, in _resolve_one
    abstract_dist = self._get_abstract_dist_for(req_to_install)
  File "D:\Dev04_AI\anaconda3\lib\site-packages\pip\_internal\legacy_resolve.py", line 282, in _get_abstract_dist_for
    abstract_dist = self.preparer.prepare_linked_requirement(req)
  File "D:\Dev04_AI\anaconda3\lib\site-packages\pip\_internal\operations\prepare.py", line 482, in prepare_linked_requirement
    hashes=hashes,
  File "D:\Dev04_AI\anaconda3\lib\site-packages\pip\_internal\operations\prepare.py", line 287, in unpack_url
    hashes=hashes,
  File "D:\Dev04_AI\anaconda3\lib\site-packages\pip\_internal\operations\prepare.py", line 159, in unpack_http_url
    link, downloader, temp_dir.path, hashes
  File "D:\Dev04_AI\anaconda3\lib\site-packages\pip\_internal\operations\prepare.py", line 303, in _download_http_url
    for chunk in download.chunks:
  File "D:\Dev04_AI\anaconda3\lib\site-packages\pip\_internal\utils\ui.py", line 160, in iter
    for x in it:
  File "D:\Dev04_AI\anaconda3\lib\site-packages\pip\_internal\network\utils.py", line 39, in response_chunks
    decode_content=False,
  File "D:\Dev04_AI\anaconda3\lib\site-packages\pip\_vendor\urllib3\response.py", line 564, in stream
    data = self.read(amt=amt, decode_content=decode_content)
  File "D:\Dev04_AI\anaconda3\lib\site-packages\pip\_vendor\urllib3\response.py", line 529, in read
    raise IncompleteRead(self._fp_bytes_read, self.length_remaining)
  File "D:\Dev04_AI\anaconda3\lib\contextlib.py", line 130, in __exit__
    self.gen.throw(type, value, traceback)
  File "D:\Dev04_AI\anaconda3\lib\site-packages\pip\_vendor\urllib3\response.py", line 430, in _error_catcher
    raise ReadTimeoutError(self._pool, None, "Read timed out.")
pip._vendor.urllib3.exceptions.ReadTimeoutError: HTTPSConnectionPool(host='files.pythonhosted.org', port=443): Read timed out.

(base) C:\Users\Administrator>pip install tensorflow==2.1
Collecting tensorflow==2.1
  Downloading tensorflow-2.1.0-cp37-cp37m-win_amd64.whl (355.8 MB)
     |                                | 2.1 MB 5.4 kB/s eta 18:15:38ERROR: Exception:
Traceback (most recent call last):
  File "D:\Dev04_AI\anaconda3\lib\site-packages\pip\_vendor\urllib3\response.py", line 425, in _error_catcher
    yield
  File "D:\Dev04_AI\anaconda3\lib\site-packages\pip\_vendor\urllib3\response.py", line 507, in read
    data = self._fp.read(amt) if not fp_closed else b""
  File "D:\Dev04_AI\anaconda3\lib\site-packages\pip\_vendor\cachecontrol\filewrapper.py", line 62, in read
    data = self.__fp.read(amt)
  File "D:\Dev04_AI\anaconda3\lib\http\client.py", line 457, in read
    n = self.readinto(b)
  File "D:\Dev04_AI\anaconda3\lib\http\client.py", line 501, in readinto
    n = self.fp.readinto(b)
  File "D:\Dev04_AI\anaconda3\lib\socket.py", line 589, in readinto
    return self._sock.recv_into(b)
  File "D:\Dev04_AI\anaconda3\lib\ssl.py", line 1071, in recv_into
    return self.read(nbytes, buffer)
  File "D:\Dev04_AI\anaconda3\lib\ssl.py", line 929, in read
    return self._sslobj.read(len, buffer)
socket.timeout: The read operation timed out

During handling of the above exception, another exception occurred:

Traceback (most recent call last):
  File "D:\Dev04_AI\anaconda3\lib\site-packages\pip\_internal\cli\base_command.py", line 186, in _main
    status = self.run(options, args)
  File "D:\Dev04_AI\anaconda3\lib\site-packages\pip\_internal\commands\install.py", line 331, in run
    resolver.resolve(requirement_set)
  File "D:\Dev04_AI\anaconda3\lib\site-packages\pip\_internal\legacy_resolve.py", line 177, in resolve
    discovered_reqs.extend(self._resolve_one(requirement_set, req))
  File "D:\Dev04_AI\anaconda3\lib\site-packages\pip\_internal\legacy_resolve.py", line 333, in _resolve_one
    abstract_dist = self._get_abstract_dist_for(req_to_install)
  File "D:\Dev04_AI\anaconda3\lib\site-packages\pip\_internal\legacy_resolve.py", line 282, in _get_abstract_dist_for
    abstract_dist = self.preparer.prepare_linked_requirement(req)
  File "D:\Dev04_AI\anaconda3\lib\site-packages\pip\_internal\operations\prepare.py", line 482, in prepare_linked_requirement
    hashes=hashes,
  File "D:\Dev04_AI\anaconda3\lib\site-packages\pip\_internal\operations\prepare.py", line 287, in unpack_url
    hashes=hashes,
  File "D:\Dev04_AI\anaconda3\lib\site-packages\pip\_internal\operations\prepare.py", line 159, in unpack_http_url
    link, downloader, temp_dir.path, hashes
  File "D:\Dev04_AI\anaconda3\lib\site-packages\pip\_internal\operations\prepare.py", line 303, in _download_http_url
    for chunk in download.chunks:
  File "D:\Dev04_AI\anaconda3\lib\site-packages\pip\_internal\utils\ui.py", line 160, in iter
    for x in it:
  File "D:\Dev04_AI\anaconda3\lib\site-packages\pip\_internal\network\utils.py", line 39, in response_chunks
    decode_content=False,
  File "D:\Dev04_AI\anaconda3\lib\site-packages\pip\_vendor\urllib3\response.py", line 564, in stream
    data = self.read(amt=amt, decode_content=decode_content)
  File "D:\Dev04_AI\anaconda3\lib\site-packages\pip\_vendor\urllib3\response.py", line 529, in read
    raise IncompleteRead(self._fp_bytes_read, self.length_remaining)
  File "D:\Dev04_AI\anaconda3\lib\contextlib.py", line 130, in __exit__
    self.gen.throw(type, value, traceback)
  File "D:\Dev04_AI\anaconda3\lib\site-packages\pip\_vendor\urllib3\response.py", line 430, in _error_catcher
    raise ReadTimeoutError(self._pool, None, "Read timed out.")
pip._vendor.urllib3.exceptions.ReadTimeoutError: HTTPSConnectionPool(host='files.pythonhosted.org', port=443): Read timed out.

(base) C:\Users\Administrator>pip -default-timeout=100 install -U requests

Usage:
  pip <command> [options]

no such option: -d

(base) C:\Users\Administrator>pip --default-timeout=100 install -U requests
Collecting requests
  Downloading requests-2.23.0-py2.py3-none-any.whl (58 kB)
     |████████████████████████████████| 58 kB 15 kB/s
Requirement already satisfied, skipping upgrade: idna<3,>=2.5 in d:\dev04_ai\anaconda3\lib\site-packages (from requests) (2.8)
Requirement already satisfied, skipping upgrade: urllib3!=1.25.0,!=1.25.1,<1.26,>=1.21.1 in d:\dev04_ai\anaconda3\lib\site-packages (from requests) (1.25.8)
Requirement already satisfied, skipping upgrade: chardet<4,>=3.0.2 in d:\dev04_ai\anaconda3\lib\site-packages (from requests) (3.0.4)
Requirement already satisfied, skipping upgrade: certifi>=2017.4.17 in d:\dev04_ai\anaconda3\lib\site-packages (from requests) (2019.11.28)
Installing collected packages: requests
  Attempting uninstall: requests
    Found existing installation: requests 2.22.0
    Uninstalling requests-2.22.0:
      Successfully uninstalled requests-2.22.0
Successfully installed requests-2.23.0

(base) C:\Users\Administrator>pip remove requests
ERROR: unknown command "remove"

(base) C:\Users\Administrator>pip rm requests
ERROR: unknown command "rm"

(base) C:\Users\Administrator>pip

Usage:
  pip <command> [options]

Commands:
  install                     Install packages.
  download                    Download packages.
  uninstall                   Uninstall packages.
  freeze                      Output installed packages in requirements format.
  list                        List installed packages.
  show                        Show information about installed packages.
  check                       Verify installed packages have compatible dependencies.
  config                      Manage local and global configuration.
  search                      Search PyPI for packages.
  wheel                       Build wheels from your requirements.
  hash                        Compute hashes of package archives.
  completion                  A helper command used for command completion.
  debug                       Show information useful for debugging.
  help                        Show help for commands.

General Options:
  -h, --help                  Show help.
  --isolated                  Run pip in an isolated mode, ignoring environment variables and user configuration.
  -v, --verbose               Give more output. Option is additive, and can be used up to 3 times.
  -V, --version               Show version and exit.
  -q, --quiet                 Give less output. Option is additive, and can be used up to 3 times (corresponding to
                              WARNING, ERROR, and CRITICAL logging levels).
  --log <path>                Path to a verbose appending log.
  --proxy <proxy>             Specify a proxy in the form [user:passwd@]proxy.server:port.
  --retries <retries>         Maximum number of retries each connection should attempt (default 5 times).
  --timeout <sec>             Set the socket timeout (default 15 seconds).
  --exists-action <action>    Default action when a path already exists: (s)witch, (i)gnore, (w)ipe, (b)ackup, (a)bort.
  --trusted-host <hostname>   Mark this host or host:port pair as trusted, even though it does not have valid or any
                              HTTPS.
  --cert <path>               Path to alternate CA bundle.
  --client-cert <path>        Path to SSL client certificate, a single file containing the private key and the
                              certificate in PEM format.
  --cache-dir <dir>           Store the cache data in <dir>.
  --no-cache-dir              Disable the cache.
  --disable-pip-version-check
                              Don't periodically check PyPI to determine whether a new version of pip is available for
                              download. Implied with --no-index.
  --no-color                  Suppress colored output
  --no-python-version-warning
                              Silence deprecation warnings for upcoming unsupported Pythons.

(base) C:\Users\Administrator>pip uninstall ests

(base) C:\Users\Administrator>pip uninstall  requests
Found existing installation: requests 2.23.0
Uninstalling requests-2.23.0:
  Would remove:
    d:\dev04_ai\anaconda3\lib\site-packages\requests-2.23.0.dist-info\*
    d:\dev04_ai\anaconda3\lib\site-packages\requests\*
Proceed (y/n)? y
  Successfully uninstalled requests-2.23.0

(base) C:\Users\Administrator>pip -default-timeout=100 install -U tensorflow==2.1

Usage:
  pip <command> [options]

no such option: -d

(base) C:\Users\Administrator>pip --default-timeout=100 install -U tensorflow==2.1
Collecting tensorflow==2.1
  Downloading tensorflow-2.1.0-cp37-cp37m-win_amd64.whl (355.8 MB)
     |                                | 2.2 MB 2.1 kB/s eta 1 day, 21:44:03
ERROR: Operation cancelled by user
Traceback (most recent call last):
  File "D:\Dev04_AI\anaconda3\Scripts\pip-script.py", line 10, in <module>
    sys.exit(main())
  File "D:\Dev04_AI\anaconda3\lib\site-packages\pip\_internal\cli\main.py", line 75, in main
    return command.main(cmd_args)
  File "D:\Dev04_AI\anaconda3\lib\site-packages\pip\_internal\cli\base_command.py", line 105, in main
  File "D:\Dev04_AI\anaconda3\lib\site-packages\pip\_internal\cli\base_command.py", line 224, in _main
    self.handle_pip_version_check(options)
  File "D:\Dev04_AI\anaconda3\lib\site-packages\pip\_internal\cli\req_command.py", line 146, in handle_pip_version_check
    timeout=min(5, options.timeout)
  File "D:\Dev04_AI\anaconda3\lib\site-packages\pip\_internal\cli\req_command.py", line 91, in _build_session
    index_urls=self._get_index_urls(options),
  File "D:\Dev04_AI\anaconda3\lib\site-packages\pip\_internal\network\session.py", line 241, in __init__
    self.headers["User-Agent"] = user_agent()
  File "D:\Dev04_AI\anaconda3\lib\site-packages\pip\_internal\network\session.py", line 159, in user_agent
    setuptools_version = get_installed_version("setuptools")
  File "D:\Dev04_AI\anaconda3\lib\site-packages\pip\_internal\utils\misc.py", line 619, in get_installed_version
    working_set = pkg_resources.WorkingSet()
  File "D:\Dev04_AI\anaconda3\lib\site-packages\pip\_vendor\pkg_resources\__init__.py", line 567, in __init__
    self.add_entry(entry)
  File "D:\Dev04_AI\anaconda3\lib\site-packages\pip\_vendor\pkg_resources\__init__.py", line 623, in add_entry
    for dist in find_distributions(entry, True):
  File "D:\Dev04_AI\anaconda3\lib\site-packages\pip\_vendor\pkg_resources\__init__.py", line 2065, in find_on_path
    for dist in factory(fullpath):
  File "D:\Dev04_AI\anaconda3\lib\site-packages\pip\_vendor\pkg_resources\__init__.py", line 2135, in distributions_from_metadata
    root, entry, metadata, precedence=DEVELOP_DIST,
  File "D:\Dev04_AI\anaconda3\lib\site-packages\pip\_vendor\pkg_resources\__init__.py", line 2592, in from_location
    py_version=py_version, platform=platform, **kw
  File "D:\Dev04_AI\anaconda3\lib\site-packages\pip\_vendor\pkg_resources\__init__.py", line 2994, in _reload_version
    md_version = self._get_version()
  File "D:\Dev04_AI\anaconda3\lib\site-packages\pip\_vendor\pkg_resources\__init__.py", line 2772, in _get_version
    version = _version_from_file(lines)
  File "D:\Dev04_AI\anaconda3\lib\site-packages\pip\_vendor\pkg_resources\__init__.py", line 2556, in _version_from_file
    line = next(iter(version_lines), '')
  File "D:\Dev04_AI\anaconda3\lib\site-packages\pip\_vendor\pkg_resources\__init__.py", line 2767, in _get_metadata
    for line in self.get_metadata_lines(name):
  File "D:\Dev04_AI\anaconda3\lib\site-packages\pip\_vendor\pkg_resources\__init__.py", line 1432, in get_metadata_lines
    return yield_lines(self.get_metadata(name))
  File "D:\Dev04_AI\anaconda3\lib\site-packages\pip\_vendor\pkg_resources\__init__.py", line 1420, in get_metadata
    value = self._get(path)
  File "D:\Dev04_AI\anaconda3\lib\site-packages\pip\_vendor\pkg_resources\__init__.py", line 1617, in _get
    return stream.read()
KeyboardInterrupt

(base) C:\Users\Administrator>easy_install pip
WARNING: The easy_install command is deprecated and will be removed in a future version.
Searching for pip
Best match: pip 20.0.2
Adding pip 20.0.2 to easy-install.pth file
Installing pip-script.py script to D:\Dev04_AI\anaconda3\Scripts
Installing pip.exe script to D:\Dev04_AI\anaconda3\Scripts
Installing pip3-script.py script to D:\Dev04_AI\anaconda3\Scripts
Installing pip3.exe script to D:\Dev04_AI\anaconda3\Scripts
Installing pip3.7-script.py script to D:\Dev04_AI\anaconda3\Scripts
Installing pip3.7.exe script to D:\Dev04_AI\anaconda3\Scripts

Using d:\dev04_ai\anaconda3\lib\site-packages
Processing dependencies for pip
Finished processing dependencies for pip

(base) C:\Users\Administrator>pip install --upgrade --ignore-installed tensorflow -i http://mirrors.aliyun.com/pypi/simple --trusted-host mirrors.aliyun.com
Looking in indexes: http://mirrors.aliyun.com/pypi/simple
Collecting tensorflow
  Downloading http://mirrors.aliyun.com/pypi/packages/af/50/d7da24189d95e2084bb1cc350a8e4acdf1b0c9b3d57def7a348f0d9cb062/tensorflow-2.2.0-cp37-cp37m-win_amd64.whl (459.2 MB)
     |█                               | 18.5 MB 3.3 MB/s eta 0:02:14
ERROR: Operation cancelled by user

(base) C:\Users\Administrator>pip install --upgrade --ignore-installed tensorflow==2.1 -i http://mirrors.aliyun.com/pypi/simple --trusted-host mirrors.aliyun.com
Looking in indexes: http://mirrors.aliyun.com/pypi/simple
Collecting tensorflow==2.1
  Downloading http://mirrors.aliyun.com/pypi/packages/34/d5/ce8c17971067c0184c9045112b755be5461d5ce5253ef65a367e1298d7c5/tensorflow-2.1.0-cp37-cp37m-win_amd64.whl (355.8 MB)
     |████████████████████████████████| 355.8 MB 6.4 MB/s
Collecting termcolor>=1.1.0
  Downloading http://mirrors.aliyun.com/pypi/packages/8a/48/a76be51647d0eb9f10e2a4511bf3ffb8cc1e6b14e9e4fab46173aa79f981/termcolor-1.1.0.tar.gz (3.9 kB)
Collecting astor>=0.6.0
  Downloading http://mirrors.aliyun.com/pypi/packages/c3/88/97eef84f48fa04fbd6750e62dcceafba6c63c81b7ac1420856c8dcc0a3f9/astor-0.8.1-py2.py3-none-any.whl (27 kB)
Collecting keras-preprocessing>=1.1.0
  Downloading http://mirrors.aliyun.com/pypi/packages/79/4c/7c3275a01e12ef9368a892926ab932b33bb13d55794881e3573482b378a7/Keras_Preprocessing-1.1.2-py2.py3-none-any.whl (42 kB)
     |████████████████████████████████| 42 kB 3.2 MB/s
Collecting protobuf>=3.8.0
  Downloading http://mirrors.aliyun.com/pypi/packages/a2/59/b4276e48ce8eb02725ec119971b4d6f7a4830107b2040ace25fc1f23954a/protobuf-3.12.1-cp37-cp37m-win_amd64.whl (1.0 MB)
     |████████████████████████████████| 1.0 MB 6.8 MB/s
Collecting tensorboard<2.2.0,>=2.1.0
  Downloading http://mirrors.aliyun.com/pypi/packages/d9/41/bbf49b61370e4f4d245d4c6051dfb6db80cec672605c91b1652ac8cc3d38/tensorboard-2.1.1-py3-none-any.whl (3.8 MB)
     |████████████████████████████████| 3.8 MB 6.8 MB/s
Collecting six>=1.12.0
  Downloading http://mirrors.aliyun.com/pypi/packages/ee/ff/48bde5c0f013094d729fe4b0316ba2a24774b3ff1c52d924a8a4cb04078a/six-1.15.0-py2.py3-none-any.whl (10 kB)
Collecting absl-py>=0.7.0
  Downloading http://mirrors.aliyun.com/pypi/packages/1a/53/9243c600e047bd4c3df9e69cfabc1e8004a82cac2e0c484580a78a94ba2a/absl-py-0.9.0.tar.gz (104 kB)
     |████████████████████████████████| 104 kB ...
Collecting opt-einsum>=2.3.2
  Downloading http://mirrors.aliyun.com/pypi/packages/63/a5/e6c07b08b934831ccb8c98ee335e66b7761c5754ee3cabfe4c11d0b1af28/opt_einsum-3.2.1-py3-none-any.whl (63 kB)
     |████████████████████████████████| 63 kB ...
Collecting scipy==1.4.1; python_version >= "3"
  Downloading http://mirrors.aliyun.com/pypi/packages/61/51/046cbc61c7607e5ecead6ff1a9453fba5e7e47a5ea8d608cc7036586a5ef/scipy-1.4.1-cp37-cp37m-win_amd64.whl (30.9 MB)
     |████████████████████████████████| 30.9 MB 6.8 MB/s
Collecting gast==0.2.2
  Downloading http://mirrors.aliyun.com/pypi/packages/4e/35/11749bf99b2d4e3cceb4d55ca22590b0d7c2c62b9de38ac4a4a7f4687421/gast-0.2.2.tar.gz (10 kB)
Collecting tensorflow-estimator<2.2.0,>=2.1.0rc0
  Downloading http://mirrors.aliyun.com/pypi/packages/18/90/b77c328a1304437ab1310b463e533fa7689f4bfc41549593056d812fab8e/tensorflow_estimator-2.1.0-py2.py3-none-any.whl (448 kB)
     |████████████████████████████████| 448 kB ...
Collecting grpcio>=1.8.6
  Downloading http://mirrors.aliyun.com/pypi/packages/9a/10/7fe727fbdb4086b1afb1bb3c70052fe04c9dffe6cc3db6beb6ad6ce45077/grpcio-1.29.0-cp37-cp37m-win_amd64.whl (2.3 MB)
     |████████████████████████████████| 2.3 MB ...
Collecting wheel>=0.26; python_version >= "3"
  Downloading http://mirrors.aliyun.com/pypi/packages/8c/23/848298cccf8e40f5bbb59009b32848a4c38f4e7f3364297ab3c3e2e2cd14/wheel-0.34.2-py2.py3-none-any.whl (26 kB)
Collecting wrapt>=1.11.1
  Downloading http://mirrors.aliyun.com/pypi/packages/82/f7/e43cefbe88c5fd371f4cf0cf5eb3feccd07515af9fd6cf7dbf1d1793a797/wrapt-1.12.1.tar.gz (27 kB)
Collecting numpy<2.0,>=1.16.0
  Downloading http://mirrors.aliyun.com/pypi/packages/fd/e0/ad1bf8bd24e210548e4a65926ae54a66cfa285a4e88aac1b09fb479c8769/numpy-1.18.4-cp37-cp37m-win_amd64.whl (12.8 MB)
     |████████████████████████████████| 12.8 MB ...
Collecting google-pasta>=0.1.6
  Downloading http://mirrors.aliyun.com/pypi/packages/a3/de/c648ef6835192e6e2cc03f40b19eeda4382c49b5bafb43d88b931c4c74ac/google_pasta-0.2.0-py3-none-any.whl (57 kB)
     |████████████████████████████████| 57 kB ...
Collecting keras-applications>=1.0.8
  Downloading http://mirrors.aliyun.com/pypi/packages/71/e3/19762fdfc62877ae9102edf6342d71b28fbfd9dea3d2f96a882ce099b03f/Keras_Applications-1.0.8-py3-none-any.whl (50 kB)
     |████████████████████████████████| 50 kB ...
Collecting setuptools
  Downloading http://mirrors.aliyun.com/pypi/packages/2c/c5/0d38afb961f83e0d51f319f7dc166195ebabc1ea3cb20a10a77f500f7156/setuptools-46.4.0-py3-none-any.whl (583 kB)
     |████████████████████████████████| 583 kB 6.8 MB/s
Collecting google-auth<2,>=1.6.3
  Downloading http://mirrors.aliyun.com/pypi/packages/12/a3/2695fdcda305ea85c43ebd2a4d1429f3c7e897c7cf9045a8c378e1115a15/google_auth-1.15.0-py2.py3-none-any.whl (89 kB)
     |████████████████████████████████| 89 kB ...
Collecting requests<3,>=2.21.0
  Downloading http://mirrors.aliyun.com/pypi/packages/1a/70/1935c770cb3be6e3a8b78ced23d7e0f3b187f5cbfab4749523ed65d7c9b1/requests-2.23.0-py2.py3-none-any.whl (58 kB)
     |████████████████████████████████| 58 kB ...
Collecting google-auth-oauthlib<0.5,>=0.4.1
  Downloading http://mirrors.aliyun.com/pypi/packages/7b/b8/88def36e74bee9fce511c9519571f4e485e890093ab7442284f4ffaef60b/google_auth_oauthlib-0.4.1-py2.py3-none-any.whl (18 kB)
Collecting werkzeug>=0.11.15
  Downloading http://mirrors.aliyun.com/pypi/packages/cc/94/5f7079a0e00bd6863ef8f1da638721e9da21e5bacee597595b318f71d62e/Werkzeug-1.0.1-py2.py3-none-any.whl (298 kB)
     |████████████████████████████████| 298 kB 6.8 MB/s
Collecting markdown>=2.6.8
  Downloading http://mirrors.aliyun.com/pypi/packages/a4/63/eaec2bd025ab48c754b55e8819af0f6a69e2b1e187611dd40cbbe101ee7f/Markdown-3.2.2-py3-none-any.whl (88 kB)
     |████████████████████████████████| 88 kB ...
Collecting h5py
  Downloading http://mirrors.aliyun.com/pypi/packages/a1/6b/7f62017e3f0b32438dd90bdc1ff0b7b1448b6cb04a1ed84f37b6de95cd7b/h5py-2.10.0-cp37-cp37m-win_amd64.whl (2.5 MB)
     |████████████████████████████████| 2.5 MB 6.8 MB/s
Collecting rsa<4.1,>=3.1.4
  Downloading http://mirrors.aliyun.com/pypi/packages/02/e5/38518af393f7c214357079ce67a317307936896e961e35450b70fad2a9cf/rsa-4.0-py2.py3-none-any.whl (38 kB)
Collecting cachetools<5.0,>=2.0.0
  Downloading http://mirrors.aliyun.com/pypi/packages/b3/59/524ffb454d05001e2be74c14745b485681c6ed5f2e625f71d135704c0909/cachetools-4.1.0-py3-none-any.whl (10 kB)
Collecting pyasn1-modules>=0.2.1
  Downloading http://mirrors.aliyun.com/pypi/packages/95/de/214830a981892a3e286c3794f41ae67a4495df1108c3da8a9f62159b9a9d/pyasn1_modules-0.2.8-py2.py3-none-any.whl (155 kB)
     |████████████████████████████████| 155 kB ...
Collecting certifi>=2017.4.17
  Downloading http://mirrors.aliyun.com/pypi/packages/57/2b/26e37a4b034800c960a00c4e1b3d9ca5d7014e983e6e729e33ea2f36426c/certifi-2020.4.5.1-py2.py3-none-any.whl (157 kB)
     |████████████████████████████████| 157 kB ...
Collecting idna<3,>=2.5
  Downloading http://mirrors.aliyun.com/pypi/packages/89/e3/afebe61c546d18fb1709a61bee788254b40e736cff7271c7de5de2dc4128/idna-2.9-py2.py3-none-any.whl (58 kB)
     |████████████████████████████████| 58 kB 3.8 MB/s
Collecting urllib3!=1.25.0,!=1.25.1,<1.26,>=1.21.1
  Downloading http://mirrors.aliyun.com/pypi/packages/e1/e5/df302e8017440f111c11cc41a6b432838672f5a70aa29227bf58149dc72f/urllib3-1.25.9-py2.py3-none-any.whl (126 kB)
     |████████████████████████████████| 126 kB 6.4 MB/s
Collecting chardet<4,>=3.0.2
  Downloading http://mirrors.aliyun.com/pypi/packages/bc/a9/01ffebfb562e4274b6487b4bb1ddec7ca55ec7510b22e4c51f14098443b8/chardet-3.0.4-py2.py3-none-any.whl (133 kB)
     |████████████████████████████████| 133 kB 6.4 MB/s
Collecting requests-oauthlib>=0.7.0
  Downloading http://mirrors.aliyun.com/pypi/packages/a3/12/b92740d845ab62ea4edf04d2f4164d82532b5a0b03836d4d4e71c6f3d379/requests_oauthlib-1.3.0-py2.py3-none-any.whl (23 kB)
Collecting importlib-metadata; python_version < "3.8"
  Downloading http://mirrors.aliyun.com/pypi/packages/ad/e4/891bfcaf868ccabc619942f27940c77a8a4b45fd8367098955bb7e152fb1/importlib_metadata-1.6.0-py2.py3-none-any.whl (30 kB)
Collecting pyasn1>=0.1.3
  Downloading http://mirrors.aliyun.com/pypi/packages/62/1e/a94a8d635fa3ce4cfc7f506003548d0a2447ae76fd5ca53932970fe3053f/pyasn1-0.4.8-py2.py3-none-any.whl (77 kB)
     |████████████████████████████████| 77 kB 5.1 MB/s
Collecting oauthlib>=3.0.0
  Downloading http://mirrors.aliyun.com/pypi/packages/05/57/ce2e7a8fa7c0afb54a0581b14a65b56e62b5759dbc98e80627142b8a3704/oauthlib-3.1.0-py2.py3-none-any.whl (147 kB)
     |████████████████████████████████| 147 kB 6.4 MB/s
Collecting zipp>=0.5
  Downloading http://mirrors.aliyun.com/pypi/packages/b2/34/bfcb43cc0ba81f527bc4f40ef41ba2ff4080e047acb0586b56b3d017ace4/zipp-3.1.0-py3-none-any.whl (4.9 kB)
Building wheels for collected packages: termcolor, absl-py, gast, wrapt
  Building wheel for termcolor (setup.py) ... done
  Created wheel for termcolor: filename=termcolor-1.1.0-py3-none-any.whl size=4835 sha256=0af5e0942830f8fd2600496ca79cc9bde4197b1d1dd466734679644c8baa3963
  Stored in directory: c:\users\administrator\appdata\local\pip\cache\wheels\1d\dd\1e\1984553efd20c389bd5ed90a21631d7012ae521b43343f7dba
  Building wheel for absl-py (setup.py) ... done
  Created wheel for absl-py: filename=absl_py-0.9.0-py3-none-any.whl size=121935 sha256=4e9b3d0c963f91721ebded4ebfb2319736388887ffa9f2723b938224b37474ed
  Stored in directory: c:\users\administrator\appdata\local\pip\cache\wheels\c0\17\c5\5054fe1e2049912bf50d0645365d81982db389ed5e8e24e049
  Building wheel for gast (setup.py) ... done
  Created wheel for gast: filename=gast-0.2.2-py3-none-any.whl size=7547 sha256=703402f55e5c4a89865d796d4fef63c6368eb454153751ce3cbdc9edcdc7e07d
  Stored in directory: c:\users\administrator\appdata\local\pip\cache\wheels\59\b3\e2\ceb6ae2afd5b3512cba8a3511a60f4e67af1e00b1cbb375a68
  Building wheel for wrapt (setup.py) ... done
  Created wheel for wrapt: filename=wrapt-1.12.1-cp37-cp37m-win_amd64.whl size=33369 sha256=99d8e6b038009c5adced201bf2e3ddb5acdbf180fb2f0388a696c0c6b6c55678
  Stored in directory: c:\users\administrator\appdata\local\pip\cache\wheels\36\78\8a\40152ab0d7af2882c6828f1e938a4cff0e446e1eb1e825b99a
Successfully built termcolor absl-py gast wrapt
ERROR: spyder 4.0.1 requires pyqt5<5.13; python_version >= "3", which is not installed.
ERROR: spyder 4.0.1 requires pyqtwebengine<5.13; python_version >= "3", which is not installed.
ERROR: pytest-astropy 0.8.0 requires pytest-cov>=2.0, which is not installed.
ERROR: pytest-astropy 0.8.0 requires pytest-filter-subpackage>=0.1, which is not installed.
ERROR: astroid 2.3.3 requires typed-ast<1.5,>=1.4.0; implementation_name == "cpython" and python_version < "3.8", which is not installed.
ERROR: astroid 2.3.3 has requirement wrapt==1.11.*, but you'll have wrapt 1.12.1 which is incompatible.
Installing collected packages: termcolor, astor, numpy, six, keras-preprocessing, setuptools, protobuf, pyasn1, rsa, cachetools, pyasn1-modules, google-auth, certifi, idna, urllib3, chardet, requests, grpcio, wheel, oauthlib, requests-oauthlib, google-auth-oauthlib, absl-py, werkzeug, zipp, importlib-metadata, markdown, tensorboard, opt-einsum, scipy, gast, tensorflow-estimator, wrapt, google-pasta, h5py, keras-applications, tensorflow
Successfully installed absl-py-0.9.0 astor-0.8.1 cachetools-4.1.0 certifi-2020.4.5.1 chardet-3.0.4 gast-0.2.2 google-auth-1.15.0 google-auth-oauthlib-0.4.1 google-pasta-0.2.0 grpcio-1.29.0 h5py-2.10.0 idna-2.9 importlib-metadata-1.6.0 keras-applications-1.0.8 keras-preprocessing-1.1.2 markdown-3.2.2 numpy-1.18.4 oauthlib-3.1.0 opt-einsum-3.2.1 protobuf-3.12.1 pyasn1-0.4.8 pyasn1-modules-0.2.8 requests-2.23.0 requests-oauthlib-1.3.0 rsa-4.0 scipy-1.4.1 setuptools-46.4.0 six-1.15.0 tensorboard-2.1.1 tensorflow-2.1.0 tensorflow-estimator-2.1.0 termcolor-1.1.0 urllib3-1.25.9 werkzeug-1.0.1 wheel-0.34.2 wrapt-1.12.1 zipp-3.1.0

(base) C:\Users\Administrator>
